# JRE version: Java(TM) SE Runtime Environment (8.0_251-b08) (build 1.8.0_251-b08)
# Java VM: Java HotSpot(TM) 64-Bit Server VM (25.251-b08 mixed mode windows-amd64 compressed oops)
Heap:
 PSYoungGen      total 18944K, used 1639K [0x00000000eb400000, 0x00000000ec900000, 0x0000000100000000)
  eden space 16384K, 10% used [0x00000000eb400000,0x00000000eb599dd0,0x00000000ec400000)
  from space 2560K, 0% used [0x00000000ec680000,0x00000000ec680000,0x00000000ec900000)
  to   space 2560K, 0% used [0x00000000ec400000,0x00000000ec400000,0x00000000ec680000)
 ParOldGen       total 34304K, used 2636K [0x00000000c1c00000, 0x00000000c3d80000, 0x00000000eb400000)
  object space 34304K, 7% used [0x00000000c1c00000,0x00000000c1e930e8,0x00000000c3d80000)
 Metaspace       used 10008K, capacity 10170K, committed 10368K, reserved 1062912K
  class space    used 1243K, capacity 1319K, committed 1408K, reserved 1048576K
GC Heap History (8 events):
Event: 0.995 GC heap before
{Heap before GC invocations=1 (full 0):
 PSYoungGen      total 18944K, used 3606K [0x00000000eb400000, 0x00000000ec900000, 0x0000000100000000)
  eden space 16384K, 22% used [0x00000000eb400000,0x00000000eb785870,0x00000000ec400000)
  from space 2560K, 0% used [0x00000000ec680000,0x00000000ec680000,0x00000000ec900000)
  to   space 2560K, 0% used [0x00000000ec400000,0x00000000ec400000,0x00000000ec680000)
 ParOldGen       total 44032K, used 0K [0x00000000c1c00000, 0x00000000c4700000, 0x00000000eb400000)
  object space 44032K, 0% used [0x00000000c1c00000,0x00000000c1c00000,0x00000000c4700000)
 Metaspace       used 7839K, capacity 7940K, committed 8064K, reserved 1060864K
  class space    used 968K, capacity 1028K, committed 1152K, reserved 1048576K
Event: 0.999 GC heap after
Heap after GC invocations=1 (full 0):
 PSYoungGen      total 18944K, used 1200K [0x00000000eb400000, 0x00000000ec900000, 0x0000000100000000)
  eden space 16384K, 0% used [0x00000000eb400000,0x00000000eb400000,0x00000000ec400000)
  from space 2560K, 46% used [0x00000000ec400000,0x00000000ec52c010,0x00000000ec680000)
  to   space 2560K, 0% used [0x00000000ec680000,0x00000000ec680000,0x00000000ec900000)
 ParOldGen       total 44032K, used 8K [0x00000000c1c00000, 0x00000000c4700000, 0x00000000eb400000)
  object space 44032K, 0% used [0x00000000c1c00000,0x00000000c1c02000,0x00000000c4700000)
 Metaspace       used 7839K, capacity 7940K, committed 8064K, reserved 1060864K
  class space    used 968K, capacity 1028K, committed 1152K, reserved 1048576K
}
Event: 1.192 GC heap before
{Heap before GC invocations=2 (full 1):
 PSYoungGen      total 18944K, used 1200K [0x00000000eb400000, 0x00000000ec900000, 0x0000000100000000)
  eden space 16384K, 0% used [0x00000000eb400000,0x00000000eb400000,0x00000000ec400000)
  from space 2560K, 46% used [0x00000000ec400000,0x00000000ec52c010,0x00000000ec680000)
  to   space 2560K, 0% used [0x00000000ec680000,0x00000000ec680000,0x00000000ec900000)
 ParOldGen       total 44032K, used 8K [0x00000000c1c00000, 0x00000000c4700000, 0x00000000eb400000)
  object space 44032K, 0% used [0x00000000c1c00000,0x00000000c1c02000,0x00000000c4700000)
 Metaspace       used 7839K, capacity 7940K, committed 8064K, reserved 1060864K
  class space    used 968K, capacity 1028K, committed 1152K, reserved 1048576K
Event: 1.399 GC heap after
Heap after GC invocations=2 (full 1):
 PSYoungGen      total 18944K, used 0K [0x00000000eb400000, 0x00000000ec900000, 0x0000000100000000)
  eden space 16384K, 0% used [0x00000000eb400000,0x00000000eb400000,0x00000000ec400000)
  from space 2560K, 0% used [0x00000000ec400000,0x00000000ec400000,0x00000000ec680000)
  to   space 2560K, 0% used [0x00000000ec680000,0x00000000ec680000,0x00000000ec900000)
 ParOldGen       total 34304K, used 1086K [0x00000000c1c00000, 0x00000000c3d80000, 0x00000000eb400000)
  object space 34304K, 3% used [0x00000000c1c00000,0x00000000c1d0f9c0,0x00000000c3d80000)
 Metaspace       used 7839K, capacity 7940K, committed 8064K, reserved 1058816K
  class space    used 968K, capacity 1028K, committed 1152K, reserved 1048576K
}
Event: 2.625 GC heap before
{Heap before GC invocations=3 (full 1):
 PSYoungGen      total 18944K, used 3225K [0x00000000eb400000, 0x00000000ec900000, 0x0000000100000000)
  eden space 16384K, 19% used [0x00000000eb400000,0x00000000eb7266d0,0x00000000ec400000)
  from space 2560K, 0% used [0x00000000ec400000,0x00000000ec400000,0x00000000ec680000)
  to   space 2560K, 0% used [0x00000000ec680000,0x00000000ec680000,0x00000000ec900000)
 ParOldGen       total 34304K, used 1086K [0x00000000c1c00000, 0x00000000c3d80000, 0x00000000eb400000)
  object space 34304K, 3% used [0x00000000c1c00000,0x00000000c1d0f9c0,0x00000000c3d80000)
 Metaspace       used 9846K, capacity 9974K, committed 10112K, reserved 1062912K
  class space    used 1243K, capacity 1319K, committed 1408K, reserved 1048576K
Event: 2.650 GC heap after
Heap after GC invocations=3 (full 1):
 PSYoungGen      total 18944K, used 1673K [0x00000000eb400000, 0x00000000ec900000, 0x0000000100000000)
  eden space 16384K, 0% used [0x00000000eb400000,0x00000000eb400000,0x00000000ec400000)
  from space 2560K, 65% used [0x00000000ec680000,0x00000000ec8224e8,0x00000000ec900000)
  to   space 2560K, 0% used [0x00000000ec400000,0x00000000ec400000,0x00000000ec680000)
 ParOldGen       total 34304K, used 3608K [0x00000000c1c00000, 0x00000000c3d80000, 0x00000000eb400000)
  object space 34304K, 10% used [0x00000000c1c00000,0x00000000c1f86390,0x00000000c3d80000)
 Metaspace       used 9846K, capacity 9974K, committed 10112K, reserved 1062912K
  class space    used 1243K, capacity 1319K, committed 1408K, reserved 1048576K
}
Event: 2.650 GC heap before
{Heap before GC invocations=4 (full 2):
 PSYoungGen      total 18944K, used 1673K [0x00000000eb400000, 0x00000000ec900000, 0x0000000100000000)
  eden space 16384K, 0% used [0x00000000eb400000,0x00000000eb400000,0x00000000ec400000)
  from space 2560K, 65% used [0x00000000ec680000,0x00000000ec8224e8,0x00000000ec900000)
  to   space 2560K, 0% used [0x00000000ec400000,0x00000000ec400000,0x00000000ec680000)
 ParOldGen       total 34304K, used 3608K [0x00000000c1c00000, 0x00000000c3d80000, 0x00000000eb400000)
  object space 34304K, 10% used [0x00000000c1c00000,0x00000000c1f86390,0x00000000c3d80000)
 Metaspace       used 9846K, capacity 9974K, committed 10112K, reserved 1062912K
  class space    used 1243K, capacity 1319K, committed 1408K, reserved 1048576K
Event: 2.666 GC heap after
Heap after GC invocations=4 (full 2):
 PSYoungGen      total 18944K, used 0K [0x00000000eb400000, 0x00000000ec900000, 0x0000000100000000)
  eden space 16384K, 0% used [0x00000000eb400000,0x00000000eb400000,0x00000000ec400000)
  from space 2560K, 0% used [0x00000000ec680000,0x00000000ec680000,0x00000000ec900000)
  to   space 2560K, 0% used [0x00000000ec400000,0x00000000ec400000,0x00000000ec680000)
 ParOldGen       total 34304K, used 2636K [0x00000000c1c00000, 0x00000000c3d80000, 0x00000000eb400000)
  object space 34304K, 7% used [0x00000000c1c00000,0x00000000c1e930e8,0x00000000c3d80000)
 Metaspace       used 9846K, capacity 9974K, committed 10112K, reserved 1060864K
  class space    used 1243K, capacity 1319K, committed 1408K, reserved 1048576K
}

